<?xml version="1.0" encoding="UTF-8" ?>
<testsuite tests="3" failures="3" name="com.sg.classroster.dao.ClassRosterDaoFileImplTest" time="0.003" errors="0" skipped="0">
  <properties>
[...]
</properties>
  <testcase classname="com.sg.classroster.dao.ClassRosterDaoFileImplTest" name="com.sg.classroster.dao.ClassRosterDaoFileImplTest.testAddGetAllStudents" time="0.002">
    <failure type="java.lang.NullPointerException">java.lang.NullPointerException
	at com.sg.classroster.dao.ClassRosterDaoFileImplTest.testAddGetAllStudents(ClassRosterDaoFileImplTest.java:87)
</failure>
  </testcase>
  <testcase classname="com.sg.classroster.dao.ClassRosterDaoFileImplTest" name="com.sg.classroster.dao.ClassRosterDaoFileImplTest.testRemoveStudent" time="0">
    <failure type="java.lang.NullPointerException">java.lang.NullPointerException
	at com.sg.classroster.dao.ClassRosterDaoFileImplTest.testRemoveStudent(ClassRosterDaoFileImplTest.java:122)
</failure>
  </testcase>
  <testcase classname="com.sg.classroster.dao.ClassRosterDaoFileImplTest" name="com.sg.classroster.dao.ClassRosterDaoFileImplTest.testAddGetStudent" time="0.001">
    <failure type="java.lang.NullPointerException">java.lang.NullPointerException
	at com.sg.classroster.dao.ClassRosterDaoFileImplTest.testAddGetStudent(ClassRosterDaoFileImplTest.java:51)
</failure>
  </testcase>
</testsuite>